-- The C compiler identification is GNU 13.1.0
-- The CXX compiler identification is GNU 13.1.0
-- Detecting C compiler ABI info
-- Detecting C compiler ABI info - done
-- Check for working C compiler: /usr/bin/cc - skipped
-- Detecting C compile features
-- Detecting C compile features - done
-- Detecting CXX compiler ABI info
-- Detecting CXX compiler ABI info - done
-- Check for working CXX compiler: /usr/bin/c++ - skipped
-- Detecting CXX compile features
-- Detecting CXX compile features - done
-- Found ament_cmake: 1.3.11 (/opt/ros/humble/share/ament_cmake/cmake)
-- Found Python3: /usr/bin/python3 (found version "3.10.12") found components: Interpreter 
-- Found rclcpp: 16.0.12 (/opt/ros/humble/share/rclcpp/cmake)
-- Found rosidl_generator_c: 3.1.6 (/opt/ros/humble/share/rosidl_generator_c/cmake)
-- Found rosidl_adapter: 3.1.6 (/opt/ros/humble/share/rosidl_adapter/cmake)
-- Found rosidl_generator_cpp: 3.1.6 (/opt/ros/humble/share/rosidl_generator_cpp/cmake)
-- Using all available rosidl_typesupport_c: rosidl_typesupport_fastrtps_c;rosidl_typesupport_introspection_c
-- Using all available rosidl_typesupport_cpp: rosidl_typesupport_fastrtps_cpp;rosidl_typesupport_introspection_cpp
-- Found rmw_implementation_cmake: 6.1.2 (/opt/ros/humble/share/rmw_implementation_cmake/cmake)
-- Found rmw_fastrtps_cpp: 6.2.7 (/opt/ros/humble/share/rmw_fastrtps_cpp/cmake)
-- Found OpenSSL: /usr/lib/x86_64-linux-gnu/libcrypto.so (found version "3.0.2")  
-- Found FastRTPS: /opt/ros/humble/include  
-- Using RMW implementation 'rmw_fastrtps_cpp' as default
-- Looking for pthread.h
-- Looking for pthread.h - found
-- Performing Test CMAKE_HAVE_LIBC_PTHREAD
-- Performing Test CMAKE_HAVE_LIBC_PTHREAD - Success
-- Found Threads: TRUE  
-- Found rclcpp_action: 16.0.12 (/opt/ros/humble/share/rclcpp_action/cmake)
-- Found franka_msgs: 1.0.0 (/bigdata/thao/franka_ros2_ws/install/franka_msgs/share/franka_msgs/cmake)
-- Found ament_lint_auto: 0.12.12 (/opt/ros/humble/share/ament_lint_auto/cmake)
-- Added test 'cppcheck' to perform static code analysis on C / C++ code
-- Configured cppcheck include dirs: 
-- Configured cppcheck exclude dirs and/or files: 
-- Added test 'flake8' to check Python code syntax and style conventions
-- Added test 'lint_cmake' to check CMake code style
-- Added test 'pep257' to check Python code against some of the docstring style conventions in PEP 257
-- Added test 'uncrustify' to check C / C++ code style
-- Configured uncrustify additional arguments: 
-- Added test 'xmllint' to check XML markup files
-- Configuring done
-- Generating done
-- Build files have been written to: /homes/obluman/robotics_ws/build/custom_controller
[ 50%] [32mBuilding CXX object CMakeFiles/custom_controller.dir/src/custom_controller.cpp.o[0m
[01m[K/homes/obluman/robotics_ws/src/custom_controller/src/custom_controller.cpp:[m[K In lambda function:
[01m[K/homes/obluman/robotics_ws/src/custom_controller/src/custom_controller.cpp:54:18:[m[K [01;31m[Kerror: [m[Kâ€˜[01m[Kstruct franka_msgs::action::Grasp_Goal_<std::allocator<void> >[m[Kâ€™ has no member named â€˜[01m[Kepsilon_inner[m[Kâ€™
   54 |       grasp_goal.[01;31m[Kepsilon_inner[m[K = 0.01;
      |                  [01;31m[K^~~~~~~~~~~~~[m[K
[01m[K/homes/obluman/robotics_ws/src/custom_controller/src/custom_controller.cpp:55:18:[m[K [01;31m[Kerror: [m[Kâ€˜[01m[Kstruct franka_msgs::action::Grasp_Goal_<std::allocator<void> >[m[Kâ€™ has no member named â€˜[01m[Kepsilon_outer[m[Kâ€™
   55 |       grasp_goal.[01;31m[Kepsilon_outer[m[K = 0.01;
      |                  [01;31m[K^~~~~~~~~~~~~[m[K
[01m[K/homes/obluman/robotics_ws/src/custom_controller/src/custom_controller.cpp:[m[K In lambda function:
[01m[K/homes/obluman/robotics_ws/src/custom_controller/src/custom_controller.cpp:58:90:[m[K [01;35m[Kwarning: [m[Kunused parameter â€˜[01m[Kresult[m[Kâ€™ [[01;35m[K]8;;https://gcc.gnu.org/onlinedocs/gcc/Warning-Options.html#index-Wunused-parameter-Wunused-parameter]8;;[m[K]
   58 |       grasp_goal_options.result_callback = [this]([01;35m[Kconst GraspGoalHandle::WrappedResult & result[m[K) {
      |                                                   [01;35m[K~~~~~~~~~~~~~~~~~~~~~~~~~~~~~~~~~~~~~~~^~~~~~[m[K
[01m[K/homes/obluman/robotics_ws/src/custom_controller/src/custom_controller.cpp:[m[K In lambda function:
[01m[K/homes/obluman/robotics_ws/src/custom_controller/src/custom_controller.cpp:47:86:[m[K [01;35m[Kwarning: [m[Kunused parameter â€˜[01m[Kresult[m[Kâ€™ [[01;35m[K]8;;https://gcc.gnu.org/onlinedocs/gcc/Warning-Options.html#index-Wunused-parameter-Wunused-parameter]8;;[m[K]
   47 |     move_goal_options.result_callback = [this]([01;35m[Kconst MoveGoalHandle::WrappedResult & result[m[K) {
      |                                                [01;35m[K~~~~~~~~~~~~~~~~~~~~~~~~~~~~~~~~~~~~~~^~~~~~[m[K
gmake[2]: *** [CMakeFiles/custom_controller.dir/build.make:76: CMakeFiles/custom_controller.dir/src/custom_controller.cpp.o] Error 1
gmake[1]: *** [CMakeFiles/Makefile2:137: CMakeFiles/custom_controller.dir/all] Error 2
gmake: *** [Makefile:146: all] Error 2
